<?xml version="1.0" encoding="UTF-8" ?>
<testsuite errors="0" skipped="0" tests="1" time="0.156" failures="0" name="br.ufrj.nce.criaconto.images.ImageTest">
  <properties>
    <property value="Java(TM) 2 Runtime Environment, Standard Edition" name="java.runtime.name"/>
    <property value="C:\Program Files\Java\jdk1.5.0_11\jre\bin" name="sun.boot.library.path"/>
    <property value="1.5.0_11-b03" name="java.vm.version"/>
    <property value="Sun Microsystems Inc." name="java.vm.vendor"/>
    <property value="http://java.sun.com/" name="java.vendor.url"/>
    <property value=";" name="path.separator"/>
    <property value="Java HotSpot(TM) Client VM" name="java.vm.name"/>
    <property value="sun.io" name="file.encoding.pkg"/>
    <property value="BR" name="user.country"/>
    <property value="SUN_STANDARD" name="sun.java.launcher"/>
    <property value="Service Pack 2" name="sun.os.patch.level"/>
    <property value="Java Virtual Machine Specification" name="java.vm.specification.name"/>
    <property value="C:\tese\CriaConto" name="user.dir"/>
    <property value="1.5.0_11-b03" name="java.runtime.version"/>
    <property value="sun.awt.Win32GraphicsEnvironment" name="java.awt.graphicsenv"/>
    <property value="C:\tese\CriaConto" name="basedir"/>
    <property value="C:\Program Files\Java\jdk1.5.0_11\jre\lib\endorsed" name="java.endorsed.dirs"/>
    <property value="x86" name="os.arch"/>
    <property value="C:\DOCUME~1\Sabrina\LOCALS~1\Temp\" name="java.io.tmpdir"/>
    <property value="
" name="line.separator"/>
    <property value="Sun Microsystems Inc." name="java.vm.specification.vendor"/>
    <property value="" name="user.variant"/>
    <property value="Windows XP" name="os.name"/>
    <property value="C:\apache-maven-2.0.8\bin\\..\bin\m2.conf" name="classworlds.conf"/>
    <property value="Cp1252" name="sun.jnu.encoding"/>
    <property value="C:\Program Files\Java\jdk1.5.0_11\bin;.;C:\WINDOWS\system32;C:\WINDOWS;C:\WINDOWS\system32;C:\WINDOWS;C:\WINDOWS\System32\Wbem;C:\Program Files\QuickTime\QTSystem\;C:\Program Files\Java\jdk1.5.0_11;C:\apache-maven-2.0.8\bin" name="java.library.path"/>
    <property value="C:\tese\CriaConto\target\test-classes;C:\tese\CriaConto\target\classes;C:\Documents and Settings\Sabrina\.m2\repository\junit\junit\3.8.1\junit-3.8.1.jar;" name="surefire.test.class.path"/>
    <property value="Java Platform API Specification" name="java.specification.name"/>
    <property value="49.0" name="java.class.version"/>
    <property value="HotSpot Client Compiler" name="sun.management.compiler"/>
    <property value="5.1" name="os.version"/>
    <property value="C:\Documents and Settings\Sabrina" name="user.home"/>
    <property value="America/Sao_Paulo" name="user.timezone"/>
    <property value="sun.awt.windows.WPrinterJob" name="java.awt.printerjob"/>
    <property value="1.5" name="java.specification.version"/>
    <property value="Cp1252" name="file.encoding"/>
    <property value="Sabrina" name="user.name"/>
    <property value="C:\apache-maven-2.0.8\bin\\..\boot\classworlds-1.1.jar" name="java.class.path"/>
    <property value="1.0" name="java.vm.specification.version"/>
    <property value="32" name="sun.arch.data.model"/>
    <property value="C:\Program Files\Java\jdk1.5.0_11\jre" name="java.home"/>
    <property value="Sun Microsystems Inc." name="java.specification.vendor"/>
    <property value="pt" name="user.language"/>
    <property value="sun.awt.windows.WToolkit" name="awt.toolkit"/>
    <property value="mixed mode" name="java.vm.info"/>
    <property value="1.5.0_11" name="java.version"/>
    <property value="C:\Program Files\Java\jdk1.5.0_11\jre\lib\ext" name="java.ext.dirs"/>
    <property value="C:\Program Files\Java\jdk1.5.0_11\jre\lib\rt.jar;C:\Program Files\Java\jdk1.5.0_11\jre\lib\i18n.jar;C:\Program Files\Java\jdk1.5.0_11\jre\lib\sunrsasign.jar;C:\Program Files\Java\jdk1.5.0_11\jre\lib\jsse.jar;C:\Program Files\Java\jdk1.5.0_11\jre\lib\jce.jar;C:\Program Files\Java\jdk1.5.0_11\jre\lib\charsets.jar;C:\Program Files\Java\jdk1.5.0_11\jre\classes" name="sun.boot.class.path"/>
    <property value="Sun Microsystems Inc." name="java.vendor"/>
    <property value="C:\apache-maven-2.0.8\bin\\.." name="maven.home"/>
    <property value="C:\Documents and Settings\Sabrina\.m2\repository" name="localRepository"/>
    <property value="\" name="file.separator"/>
    <property value="http://java.sun.com/cgi-bin/bugreport.cgi" name="java.vendor.url.bug"/>
    <property value="little" name="sun.cpu.endian"/>
    <property value="UnicodeLittle" name="sun.io.unicode.encoding"/>
    <property value="windows" name="sun.desktop"/>
    <property value="pentium_pro+mmx pentium_pro pentium+mmx pentium i486 i386 i86" name="sun.cpu.isalist"/>
  </properties>
  <testcase classname="br.ufrj.nce.criaconto.images.ImageTest" time="0.125" name="testApp"/>
</testsuite>